<?xml version="1.0" encoding="UTF-8"?>
<testng-results total="2" passed="2" failed="0" skipped="0">
  <reporter-output>
  </reporter-output>
  <suite started-at="2023-03-26T12:48:22Z" name="Default suite" finished-at="2023-03-26T12:48:31Z" duration-ms="8777">
    <groups>
    </groups>
    <test started-at="2023-03-26T12:48:22Z" name="Default test" finished-at="2023-03-26T12:48:31Z" duration-ms="8777">
      <class name="Mar25.AdvanceReports">
        <test-method is-config="true" signature="generateReport()[pri:0, instance:Mar25.AdvanceReports@24ba9639]" started-at="2023-03-26T18:18:22Z" name="generateReport" finished-at="2023-03-26T18:18:22Z" duration-ms="157" status="PASS">
          <reporter-output>
          </reporter-output>
        </test-method> <!-- generateReport -->
        <test-method is-config="true" signature="setUp()[pri:0, instance:Mar25.AdvanceReports@24ba9639]" started-at="2023-03-26T18:18:22Z" name="setUp" finished-at="2023-03-26T18:18:26Z" duration-ms="3732" status="PASS">
          <reporter-output>
          </reporter-output>
        </test-method> <!-- setUp -->
        <test-method signature="testcase1()[pri:0, instance:Mar25.AdvanceReports@24ba9639]" started-at="2023-03-26T18:18:26Z" name="testcase1" finished-at="2023-03-26T18:18:26Z" duration-ms="37" status="PASS">
          <reporter-output>
          </reporter-output>
        </test-method> <!-- testcase1 -->
        <test-method is-config="true" signature="tearDown()[pri:0, instance:Mar25.AdvanceReports@24ba9639]" started-at="2023-03-26T18:18:26Z" name="tearDown" finished-at="2023-03-26T18:18:27Z" duration-ms="1292" status="PASS">
          <reporter-output>
          </reporter-output>
        </test-method> <!-- tearDown -->
        <test-method is-config="true" signature="setUp()[pri:0, instance:Mar25.AdvanceReports@24ba9639]" started-at="2023-03-26T18:18:27Z" name="setUp" finished-at="2023-03-26T18:18:30Z" duration-ms="2857" status="PASS">
          <reporter-output>
          </reporter-output>
        </test-method> <!-- setUp -->
        <test-method signature="testcase2()[pri:0, instance:Mar25.AdvanceReports@24ba9639]" started-at="2023-03-26T18:18:30Z" name="testcase2" finished-at="2023-03-26T18:18:30Z" duration-ms="13" status="PASS">
          <reporter-output>
          </reporter-output>
        </test-method> <!-- testcase2 -->
        <test-method is-config="true" signature="tearDown()[pri:0, instance:Mar25.AdvanceReports@24ba9639]" started-at="2023-03-26T18:18:30Z" name="tearDown" finished-at="2023-03-26T18:18:31Z" duration-ms="674" status="PASS">
          <reporter-output>
          </reporter-output>
        </test-method> <!-- tearDown -->
      </class> <!-- Mar25.AdvanceReports -->
    </test> <!-- Default test -->
  </suite> <!-- Default suite -->
</testng-results>
